<?xml version="1.0" encoding="UTF-8"?>
<testng-results ignored="0" total="2" passed="2" failed="0" skipped="0">
  <reporter-output>
  </reporter-output>
  <suite started-at="2023-03-03T00:42:25 EET" name="Mobox" finished-at="2023-03-03T00:42:28 EET" duration-ms="2009">
    <groups>
    </groups>
    <test started-at="2023-03-03T00:42:25 EET" name="tests" finished-at="2023-03-03T00:42:28 EET" duration-ms="2009">
      <class name="header.HomePageTestSintegrum">
        <test-method is-config="true" signature="goToHomePage()[pri:0, instance:header.HomePageTestSintegrum@3bf01a01]" started-at="2023-03-03T00:42:26 EET" name="goToHomePage" finished-at="2023-03-03T00:42:27 EET" duration-ms="894" status="PASS">
          <reporter-output>
          </reporter-output>
        </test-method> <!-- goToHomePage -->
        <test-method signature="checkInfoAboutCompany()[pri:0, instance:header.HomePageTestSintegrum@3bf01a01]" started-at="2023-03-03T00:42:27 EET" name="checkInfoAboutCompany" finished-at="2023-03-03T00:42:27 EET" duration-ms="179" status="PASS">
          <reporter-output>
          </reporter-output>
        </test-method> <!-- checkInfoAboutCompany -->
        <test-method is-config="true" signature="goToHomePage()[pri:0, instance:header.HomePageTestSintegrum@3bf01a01]" started-at="2023-03-03T00:42:27 EET" name="goToHomePage" finished-at="2023-03-03T00:42:27 EET" duration-ms="218" status="PASS">
          <reporter-output>
          </reporter-output>
        </test-method> <!-- goToHomePage -->
        <test-method signature="checkLogoAndHeader()[pri:0, instance:header.HomePageTestSintegrum@3bf01a01]" started-at="2023-03-03T00:42:27 EET" name="checkLogoAndHeader" finished-at="2023-03-03T00:42:28 EET" duration-ms="429" status="PASS">
          <reporter-output>
          </reporter-output>
        </test-method> <!-- checkLogoAndHeader -->
        <test-method is-config="true" signature="close()[pri:0, instance:header.HomePageTestSintegrum@3bf01a01]" started-at="2023-03-03T00:42:28 EET" name="close" finished-at="2023-03-03T00:42:28 EET" duration-ms="646" status="PASS">
          <reporter-output>
          </reporter-output>
        </test-method> <!-- close -->
      </class> <!-- header.HomePageTestSintegrum -->
    </test> <!-- tests -->
  </suite> <!-- Mobox -->
</testng-results>
